{"D:\\github\\jest-react-testing-library\\src\\Counter.tsx": {"path":"D:\\github\\jest-react-testing-library\\src\\Counter.tsx","all":false,"statementMap":{"0":{"start":{"line":1,"column":0},"end":{"line":1,"column":33}},"1":{"start":{"line":2,"column":0},"end":{"line":2,"column":41}},"2":{"start":{"line":3,"column":0},"end":{"line":3,"column":0}},"3":{"start":{"line":4,"column":0},"end":{"line":4,"column":26}},"4":{"start":{"line":5,"column":0},"end":{"line":5,"column":23}},"5":{"start":{"line":6,"column":0},"end":{"line":6,"column":16}},"6":{"start":{"line":7,"column":0},"end":{"line":7,"column":2}},"7":{"start":{"line":8,"column":0},"end":{"line":8,"column":0}},"8":{"start":{"line":9,"column":0},"end":{"line":9,"column":62}},"9":{"start":{"line":10,"column":0},"end":{"line":10,"column":51}},"10":{"start":{"line":11,"column":0},"end":{"line":11,"column":56}},"11":{"start":{"line":12,"column":0},"end":{"line":12,"column":0}},"12":{"start":{"line":13,"column":0},"end":{"line":13,"column":27}},"13":{"start":{"line":14,"column":0},"end":{"line":14,"column":43}},"14":{"start":{"line":15,"column":0},"end":{"line":15,"column":4}},"15":{"start":{"line":16,"column":0},"end":{"line":16,"column":27}},"16":{"start":{"line":17,"column":0},"end":{"line":17,"column":43}},"17":{"start":{"line":18,"column":0},"end":{"line":18,"column":4}},"18":{"start":{"line":19,"column":0},"end":{"line":19,"column":25}},"19":{"start":{"line":20,"column":0},"end":{"line":20,"column":16}},"20":{"start":{"line":21,"column":0},"end":{"line":21,"column":4}},"21":{"start":{"line":22,"column":0},"end":{"line":22,"column":29}},"22":{"start":{"line":23,"column":0},"end":{"line":23,"column":44}},"23":{"start":{"line":24,"column":0},"end":{"line":24,"column":4}},"24":{"start":{"line":25,"column":0},"end":{"line":25,"column":29}},"25":{"start":{"line":26,"column":0},"end":{"line":26,"column":29}},"26":{"start":{"line":27,"column":0},"end":{"line":27,"column":31}},"27":{"start":{"line":28,"column":0},"end":{"line":28,"column":34}},"28":{"start":{"line":29,"column":0},"end":{"line":29,"column":4}},"29":{"start":{"line":30,"column":0},"end":{"line":30,"column":0}},"30":{"start":{"line":31,"column":0},"end":{"line":31,"column":10}},"31":{"start":{"line":32,"column":0},"end":{"line":32,"column":9}},"32":{"start":{"line":33,"column":0},"end":{"line":33,"column":10}},"33":{"start":{"line":34,"column":0},"end":{"line":34,"column":19}},"34":{"start":{"line":35,"column":0},"end":{"line":35,"column":12}},"35":{"start":{"line":36,"column":0},"end":{"line":36,"column":29}},"36":{"start":{"line":37,"column":0},"end":{"line":37,"column":57}},"37":{"start":{"line":38,"column":0},"end":{"line":38,"column":9}},"38":{"start":{"line":39,"column":0},"end":{"line":39,"column":17}},"39":{"start":{"line":40,"column":0},"end":{"line":40,"column":14}},"40":{"start":{"line":41,"column":0},"end":{"line":41,"column":11}},"41":{"start":{"line":42,"column":0},"end":{"line":42,"column":31}},"42":{"start":{"line":43,"column":0},"end":{"line":43,"column":63}},"43":{"start":{"line":44,"column":0},"end":{"line":44,"column":55}},"44":{"start":{"line":45,"column":0},"end":{"line":45,"column":55}},"45":{"start":{"line":46,"column":0},"end":{"line":46,"column":51}},"46":{"start":{"line":47,"column":0},"end":{"line":47,"column":60}},"47":{"start":{"line":48,"column":0},"end":{"line":48,"column":60}},"48":{"start":{"line":49,"column":0},"end":{"line":49,"column":12}},"49":{"start":{"line":50,"column":0},"end":{"line":50,"column":10}},"50":{"start":{"line":51,"column":0},"end":{"line":51,"column":4}},"51":{"start":{"line":52,"column":0},"end":{"line":52,"column":1}},"52":{"start":{"line":53,"column":0},"end":{"line":53,"column":0}},"53":{"start":{"line":54,"column":0},"end":{"line":54,"column":23}}},"s":{"0":1,"1":1,"2":1,"3":1,"4":1,"5":1,"6":1,"7":1,"8":11,"9":11,"10":11,"11":11,"12":11,"13":1,"14":1,"15":11,"16":1,"17":1,"18":11,"19":1,"20":1,"21":11,"22":1,"23":1,"24":11,"25":1,"26":0,"27":1,"28":1,"29":11,"30":11,"31":11,"32":11,"33":11,"34":11,"35":11,"36":11,"37":11,"38":11,"39":11,"40":11,"41":11,"42":11,"43":11,"44":11,"45":11,"46":11,"47":11,"48":11,"49":11,"50":11,"51":11,"52":1,"53":1},"branchMap":{"0":{"type":"branch","line":9,"loc":{"start":{"line":9,"column":0},"end":{"line":52,"column":1}},"locations":[{"start":{"line":9,"column":0},"end":{"line":52,"column":1}}]},"1":{"type":"branch","line":13,"loc":{"start":{"line":13,"column":20},"end":{"line":15,"column":4}},"locations":[{"start":{"line":13,"column":20},"end":{"line":15,"column":4}}]},"2":{"type":"branch","line":14,"loc":{"start":{"line":14,"column":13},"end":{"line":14,"column":43}},"locations":[{"start":{"line":14,"column":13},"end":{"line":14,"column":43}}]},"3":{"type":"branch","line":16,"loc":{"start":{"line":16,"column":20},"end":{"line":18,"column":4}},"locations":[{"start":{"line":16,"column":20},"end":{"line":18,"column":4}}]},"4":{"type":"branch","line":17,"loc":{"start":{"line":17,"column":13},"end":{"line":17,"column":43}},"locations":[{"start":{"line":17,"column":13},"end":{"line":17,"column":43}}]},"5":{"type":"branch","line":19,"loc":{"start":{"line":19,"column":18},"end":{"line":21,"column":4}},"locations":[{"start":{"line":19,"column":18},"end":{"line":21,"column":4}}]},"6":{"type":"branch","line":22,"loc":{"start":{"line":22,"column":22},"end":{"line":24,"column":4}},"locations":[{"start":{"line":22,"column":22},"end":{"line":24,"column":4}}]},"7":{"type":"branch","line":23,"loc":{"start":{"line":23,"column":13},"end":{"line":23,"column":44}},"locations":[{"start":{"line":23,"column":13},"end":{"line":23,"column":44}}]},"8":{"type":"branch","line":25,"loc":{"start":{"line":25,"column":22},"end":{"line":29,"column":4}},"locations":[{"start":{"line":25,"column":22},"end":{"line":29,"column":4}}]},"9":{"type":"branch","line":26,"loc":{"start":{"line":26,"column":20},"end":{"line":27,"column":31}},"locations":[{"start":{"line":26,"column":20},"end":{"line":27,"column":31}}]}},"b":{"0":[11],"1":[1],"2":[1],"3":[1],"4":[1],"5":[1],"6":[1],"7":[1],"8":[1],"9":[0]},"fnMap":{"0":{"name":"Counter","decl":{"start":{"line":9,"column":0},"end":{"line":52,"column":1}},"loc":{"start":{"line":9,"column":0},"end":{"line":52,"column":1}},"line":9},"1":{"name":"increment","decl":{"start":{"line":13,"column":20},"end":{"line":15,"column":4}},"loc":{"start":{"line":13,"column":20},"end":{"line":15,"column":4}},"line":13},"2":{"name":"decrement","decl":{"start":{"line":16,"column":20},"end":{"line":18,"column":4}},"loc":{"start":{"line":16,"column":20},"end":{"line":18,"column":4}},"line":16},"3":{"name":"restart","decl":{"start":{"line":19,"column":18},"end":{"line":21,"column":4}},"loc":{"start":{"line":19,"column":18},"end":{"line":21,"column":4}},"line":19},"4":{"name":"switchSigns","decl":{"start":{"line":22,"column":22},"end":{"line":24,"column":4}},"loc":{"start":{"line":22,"column":22},"end":{"line":24,"column":4}},"line":22},"5":{"name":"switchColor","decl":{"start":{"line":25,"column":22},"end":{"line":29,"column":4}},"loc":{"start":{"line":25,"column":22},"end":{"line":29,"column":4}},"line":25}},"f":{"0":11,"1":1,"2":1,"3":1,"4":1,"5":1}}
,"D:\\github\\jest-react-testing-library\\src\\components\\Button.tsx": {"path":"D:\\github\\jest-react-testing-library\\src\\components\\Button.tsx","all":false,"statementMap":{"0":{"start":{"line":1,"column":0},"end":{"line":1,"column":34}},"1":{"start":{"line":2,"column":0},"end":{"line":2,"column":0}},"2":{"start":{"line":3,"column":0},"end":{"line":3,"column":23}},"3":{"start":{"line":4,"column":0},"end":{"line":4,"column":22}},"4":{"start":{"line":5,"column":0},"end":{"line":5,"column":22}},"5":{"start":{"line":6,"column":0},"end":{"line":6,"column":1}},"6":{"start":{"line":7,"column":0},"end":{"line":7,"column":0}},"7":{"start":{"line":8,"column":0},"end":{"line":8,"column":53}},"8":{"start":{"line":9,"column":0},"end":{"line":9,"column":56}},"9":{"start":{"line":10,"column":0},"end":{"line":10,"column":1}},"10":{"start":{"line":11,"column":0},"end":{"line":11,"column":0}},"11":{"start":{"line":12,"column":0},"end":{"line":12,"column":22}}},"s":{"0":1,"1":1,"2":1,"3":1,"4":1,"5":1,"6":1,"7":57,"8":57,"9":57,"10":1,"11":1},"branchMap":{"0":{"type":"branch","line":8,"loc":{"start":{"line":8,"column":0},"end":{"line":10,"column":1}},"locations":[{"start":{"line":8,"column":0},"end":{"line":10,"column":1}}]}},"b":{"0":[57]},"fnMap":{"0":{"name":"Button","decl":{"start":{"line":8,"column":0},"end":{"line":10,"column":1}},"loc":{"start":{"line":8,"column":0},"end":{"line":10,"column":1}},"line":8}},"f":{"0":57}}
}
