TN:
SF:src\components\Button.tsx
FN:8,Button
FNF:1
FNH:1
FNDA:57,Button
DA:1,1
DA:2,1
DA:3,1
DA:4,1
DA:5,1
DA:6,1
DA:7,1
DA:8,57
DA:9,57
DA:10,57
DA:11,1
DA:12,1
LF:12
LH:12
BRDA:8,0,0,57
BRF:1
BRH:1
end_of_record
TN:
SF:src\components\Counter.tsx
FN:9,Counter
FN:13,increment
FN:16,decrement
FN:19,restart
FN:22,switchSigns
FN:25,switchColor
FNF:6
FNH:6
FNDA:11,Counter
FNDA:1,increment
FNDA:1,decrement
FNDA:1,restart
FNDA:1,switchSigns
FNDA:1,switchColor
DA:1,1
DA:2,1
DA:3,1
DA:4,1
DA:5,1
DA:6,1
DA:7,1
DA:8,1
DA:9,11
DA:10,11
DA:11,11
DA:12,11
DA:13,11
DA:14,1
DA:15,1
DA:16,11
DA:17,1
DA:18,1
DA:19,11
DA:20,1
DA:21,1
DA:22,11
DA:23,1
DA:24,1
DA:25,11
DA:26,1
DA:27,0
DA:28,1
DA:29,1
DA:30,11
DA:31,11
DA:32,11
DA:33,11
DA:34,11
DA:35,11
DA:36,11
DA:37,11
DA:38,11
DA:39,11
DA:40,11
DA:41,11
DA:42,11
DA:43,11
DA:44,11
DA:45,11
DA:46,11
DA:47,11
DA:48,11
DA:49,11
DA:50,11
DA:51,11
DA:52,11
DA:53,1
DA:54,1
LF:54
LH:53
BRDA:9,0,0,11
BRDA:13,1,0,1
BRDA:14,2,0,1
BRDA:16,3,0,1
BRDA:17,4,0,1
BRDA:19,5,0,1
BRDA:22,6,0,1
BRDA:23,7,0,1
BRDA:25,8,0,1
BRDA:26,9,0,0
BRF:10
BRH:9
end_of_record
